2025-05-23 16:11:47,765 INFO: Application startup [in C:\Users\PC\OneDrive\Documenti\GitHub\FitBrainLab\app\__init__.py:55]
2025-05-23 16:11:47,948 INFO: Application startup [in C:\Users\PC\OneDrive\Documenti\GitHub\FitBrainLab\app\__init__.py:55]
2025-05-23 16:12:22,743 INFO: Received application form submission [in C:\Users\PC\OneDrive\Documenti\GitHub\FitBrainLab\app\routes.py:29]
2025-05-23 16:12:22,744 INFO: Form data received: {'first_name': 'Sara', 'last_name': 'Nunziatini', 'email': 'saranunziatini27@gmail.com', 'phone': '+393491525904', 'education': 'css', 'interest': 'all', 'message': 'heyy'} [in C:\Users\PC\OneDrive\Documenti\GitHub\FitBrainLab\app\routes.py:51]
2025-05-23 16:12:22,744 INFO: Email configuration: User: fitbrainlabwebsiteupdate@gmail.com, Recipient: davidguarinv@gmail.com, SMTP: smtp.gmail.com:587, Password: ******************* [in C:\Users\PC\OneDrive\Documenti\GitHub\FitBrainLab\app\email_handler.py:99]
2025-05-23 16:12:22,745 INFO: Email content: 
    <html>
    <body style="font-family: Arial, sans-serif; line-height: 1.6; color: #333;">
        <div style="max-width: 600px; margin: 0 auto; padding: 20px;">
            <h2 style="color: #2563eb; border-bottom: 2px solid #2563eb; padding-bottom: 10px;">
                New Lab Application Submission
            </h2>
            
            <div style="background-color: #f8fafc; padding: 15px; border-radius: 8px; margin: 20px 0;">
                <p style="margin: 0; color: #64748b; font-size: 14px;">
                    <strong>Submitted:</strong> 2025-05-23 16:12:22
                </p>
            </div>
            
            <table style="width: 100%; border-collapse: collapse; margin: 20px 0;">
                <tr>
                    <td style="padding: 12px; border-bottom: 1px solid #e2e8f0; font-weight: bold; width: 30%; background-color: #f1f5f9;">
                        Name:
                    </td>
                    <td style="padding: 12px; border-bottom: 1px solid #e2e8f0;">
                        Sara Nunziatini
                    </td>
                </tr>
                <tr>
                    <td style="padding: 12px; border-bottom: 1px solid #e2e8f0; font-weight: bold; background-color: #f1f5f9;">
                        Email:
                    </td>
                    <td style="padding: 12px; border-bottom: 1px solid #e2e8f0;">
                        saranunziatini27@gmail.com
                    </td>
                </tr>
                <tr>
                    <td style="padding: 12px; border-bottom: 1px solid #e2e8f0; font-weight: bold; background-color: #f1f5f9;">
                        Phone:
                    </td>
                    <td style="padding: 12px; border-bottom: 1px solid #e2e8f0;">
                        +393491525904
                    </td>
                </tr>
                <tr>
                    <td style="padding: 12px; border-bottom: 1px solid #e2e8f0; font-weight: bold; background-color: #f1f5f9;">
                        Education/Position:
                    </td>
                    <td style="padding: 12px; border-bottom: 1px solid #e2e8f0;">
                        css
                    </td>
                </tr>
                <tr>
                    <td style="padding: 12px; border-bottom: 1px solid #e2e8f0; font-weight: bold; background-color: #f1f5f9;">
                        Area of Interest:
                    </td>
                    <td style="padding: 12px; border-bottom: 1px solid #e2e8f0;">
                        all
                    </td>
                </tr>
            </table>
            
            <div style="margin: 20px 0;">
                <h3 style="color: #2563eb; margin-bottom: 10px;">Message:</h3>
                <div style="background-color: #f8fafc; padding: 15px; border-radius: 8px; border-left: 4px solid #2563eb;">
                    <p style="margin: 0; white-space: pre-wrap;">heyy</p>
                </div>
            </div>
            
            <div style="margin-top: 30px; padding-top: 20px; border-top: 1px solid #e2e8f0; color: #64748b; font-size: 12px;">
                <p>This email was automatically generated from the lab application form.</p>
            </div>
        </div>
    </body>
    </html>
     [in C:\Users\PC\OneDrive\Documenti\GitHub\FitBrainLab\app\email_handler.py:122]
2025-05-23 16:12:23,627 INFO: Email sent successfully [in C:\Users\PC\OneDrive\Documenti\GitHub\FitBrainLab\app\email_handler.py:130]
2025-05-23 16:12:23,635 INFO: Email sent successfully [in C:\Users\PC\OneDrive\Documenti\GitHub\FitBrainLab\app\routes.py:65]
